[2025-04-14T21:04:19.811+0000] {taskinstance.py:1157} INFO - Dependencies all met for dep_context=non-requeueable deps ti=<TaskInstance: dag_id_example.task_id_example1 scheduled__2023-10-06T00:00:00+00:00 [queued]>
[2025-04-14T21:04:19.826+0000] {taskinstance.py:1157} INFO - Dependencies all met for dep_context=requeueable deps ti=<TaskInstance: dag_id_example.task_id_example1 scheduled__2023-10-06T00:00:00+00:00 [queued]>
[2025-04-14T21:04:19.826+0000] {taskinstance.py:1359} INFO - Starting attempt 1 of 1
[2025-04-14T21:04:19.848+0000] {taskinstance.py:1380} INFO - Executing <Task(_PythonDecoratedOperator): task_id_example1> on 2023-10-06 00:00:00+00:00
[2025-04-14T21:04:19.858+0000] {standard_task_runner.py:57} INFO - Started process 350 to run task
[2025-04-14T21:04:19.862+0000] {standard_task_runner.py:84} INFO - Running: ['***', 'tasks', 'run', 'dag_id_example', 'task_id_example1', 'scheduled__2023-10-06T00:00:00+00:00', '--job-id', '182', '--raw', '--subdir', 'DAGS_FOLDER/example_Dag.py', '--cfg-path', '/tmp/tmpmv40a39k']
[2025-04-14T21:04:19.866+0000] {standard_task_runner.py:85} INFO - Job 182: Subtask task_id_example1
[2025-04-14T21:04:19.935+0000] {task_command.py:415} INFO - Running <TaskInstance: dag_id_example.task_id_example1 scheduled__2023-10-06T00:00:00+00:00 [running]> on host f0b0d5b3ba45
[2025-04-14T21:04:20.070+0000] {taskinstance.py:1660} INFO - Exporting env vars: AIRFLOW_CTX_DAG_OWNER='***' AIRFLOW_CTX_DAG_ID='dag_id_example' AIRFLOW_CTX_TASK_ID='task_id_example1' AIRFLOW_CTX_EXECUTION_DATE='2023-10-06T00:00:00+00:00' AIRFLOW_CTX_TRY_NUMBER='1' AIRFLOW_CTX_DAG_RUN_ID='scheduled__2023-10-06T00:00:00+00:00'
[2025-04-14T21:04:20.071+0000] {logging_mixin.py:151} INFO - Task 1
[2025-04-14T21:04:20.071+0000] {python.py:194} INFO - Done. Returned value was: Task 1 completed
[2025-04-14T21:04:20.117+0000] {taskinstance.py:1398} INFO - Marking task as SUCCESS. dag_id=dag_id_example, task_id=task_id_example1, execution_date=20231006T000000, start_date=20250414T210419, end_date=20250414T210420
[2025-04-14T21:04:20.246+0000] {local_task_job_runner.py:228} INFO - Task exited with return code 0
[2025-04-14T21:04:20.309+0000] {taskinstance.py:2776} INFO - 2 downstream tasks scheduled from follow-on schedule check
[2025-04-16T20:42:56.322+0000] {taskinstance.py:1157} INFO - Dependencies all met for dep_context=non-requeueable deps ti=<TaskInstance: dag_id_example.task_id_example1 scheduled__2023-10-06T00:00:00+00:00 [queued]>
[2025-04-16T20:42:56.346+0000] {taskinstance.py:1157} INFO - Dependencies all met for dep_context=requeueable deps ti=<TaskInstance: dag_id_example.task_id_example1 scheduled__2023-10-06T00:00:00+00:00 [queued]>
[2025-04-16T20:42:56.347+0000] {taskinstance.py:1359} INFO - Starting attempt 1 of 1
[2025-04-16T20:42:56.390+0000] {taskinstance.py:1380} INFO - Executing <Task(_PythonDecoratedOperator): task_id_example1> on 2023-10-06 00:00:00+00:00
[2025-04-16T20:42:56.414+0000] {standard_task_runner.py:57} INFO - Started process 4599 to run task
[2025-04-16T20:42:56.425+0000] {standard_task_runner.py:84} INFO - Running: ['***', 'tasks', 'run', 'dag_id_example', 'task_id_example1', 'scheduled__2023-10-06T00:00:00+00:00', '--job-id', '4319', '--raw', '--subdir', 'DAGS_FOLDER/example_Dag.py', '--cfg-path', '/tmp/tmpjye5xakt']
[2025-04-16T20:42:56.434+0000] {standard_task_runner.py:85} INFO - Job 4319: Subtask task_id_example1
[2025-04-16T20:42:56.573+0000] {task_command.py:415} INFO - Running <TaskInstance: dag_id_example.task_id_example1 scheduled__2023-10-06T00:00:00+00:00 [running]> on host 3f093c4bacff
[2025-04-16T20:42:56.752+0000] {taskinstance.py:1660} INFO - Exporting env vars: AIRFLOW_CTX_DAG_OWNER='***' AIRFLOW_CTX_DAG_ID='dag_id_example' AIRFLOW_CTX_TASK_ID='task_id_example1' AIRFLOW_CTX_EXECUTION_DATE='2023-10-06T00:00:00+00:00' AIRFLOW_CTX_TRY_NUMBER='1' AIRFLOW_CTX_DAG_RUN_ID='scheduled__2023-10-06T00:00:00+00:00'
[2025-04-16T20:42:56.753+0000] {logging_mixin.py:151} INFO - Task 1
[2025-04-16T20:42:56.754+0000] {python.py:194} INFO - Done. Returned value was: Task 1 completed
[2025-04-16T20:42:56.800+0000] {taskinstance.py:1398} INFO - Marking task as SUCCESS. dag_id=dag_id_example, task_id=task_id_example1, execution_date=20231006T000000, start_date=20250416T204256, end_date=20250416T204256
[2025-04-16T20:42:56.849+0000] {local_task_job_runner.py:228} INFO - Task exited with return code 0
[2025-04-16T20:42:56.928+0000] {taskinstance.py:2776} INFO - 0 downstream tasks scheduled from follow-on schedule check
