[2025-04-14T21:04:21.918+0000] {taskinstance.py:1157} INFO - Dependencies all met for dep_context=non-requeueable deps ti=<TaskInstance: dag_id_example.task_id_example2 scheduled__2023-10-06T00:00:00+00:00 [queued]>
[2025-04-14T21:04:21.979+0000] {taskinstance.py:1157} INFO - Dependencies all met for dep_context=requeueable deps ti=<TaskInstance: dag_id_example.task_id_example2 scheduled__2023-10-06T00:00:00+00:00 [queued]>
[2025-04-14T21:04:21.979+0000] {taskinstance.py:1359} INFO - Starting attempt 1 of 1
[2025-04-14T21:04:22.049+0000] {taskinstance.py:1380} INFO - Executing <Task(_PythonDecoratedOperator): task_id_example2> on 2023-10-06 00:00:00+00:00
[2025-04-14T21:04:22.113+0000] {standard_task_runner.py:57} INFO - Started process 361 to run task
[2025-04-14T21:04:22.129+0000] {standard_task_runner.py:84} INFO - Running: ['***', 'tasks', 'run', 'dag_id_example', 'task_id_example2', 'scheduled__2023-10-06T00:00:00+00:00', '--job-id', '190', '--raw', '--subdir', 'DAGS_FOLDER/example_Dag.py', '--cfg-path', '/tmp/tmpoi3qw9os']
[2025-04-14T21:04:22.138+0000] {standard_task_runner.py:85} INFO - Job 190: Subtask task_id_example2
[2025-04-14T21:04:22.420+0000] {task_command.py:415} INFO - Running <TaskInstance: dag_id_example.task_id_example2 scheduled__2023-10-06T00:00:00+00:00 [running]> on host 018b6bcbe942
[2025-04-14T21:04:23.007+0000] {taskinstance.py:1660} INFO - Exporting env vars: AIRFLOW_CTX_DAG_OWNER='***' AIRFLOW_CTX_DAG_ID='dag_id_example' AIRFLOW_CTX_TASK_ID='task_id_example2' AIRFLOW_CTX_EXECUTION_DATE='2023-10-06T00:00:00+00:00' AIRFLOW_CTX_TRY_NUMBER='1' AIRFLOW_CTX_DAG_RUN_ID='scheduled__2023-10-06T00:00:00+00:00'
[2025-04-14T21:04:23.015+0000] {logging_mixin.py:151} INFO - Task 2
[2025-04-14T21:04:23.016+0000] {python.py:194} INFO - Done. Returned value was: Task 2 completed
[2025-04-14T21:04:23.145+0000] {taskinstance.py:1398} INFO - Marking task as SUCCESS. dag_id=dag_id_example, task_id=task_id_example2, execution_date=20231006T000000, start_date=20250414T210421, end_date=20250414T210423
[2025-04-14T21:04:23.279+0000] {local_task_job_runner.py:228} INFO - Task exited with return code 0
[2025-04-14T21:04:23.444+0000] {taskinstance.py:2776} INFO - 0 downstream tasks scheduled from follow-on schedule check
[2025-04-16T20:42:58.818+0000] {taskinstance.py:1157} INFO - Dependencies all met for dep_context=non-requeueable deps ti=<TaskInstance: dag_id_example.task_id_example2 scheduled__2023-10-06T00:00:00+00:00 [queued]>
[2025-04-16T20:42:58.924+0000] {taskinstance.py:1157} INFO - Dependencies all met for dep_context=requeueable deps ti=<TaskInstance: dag_id_example.task_id_example2 scheduled__2023-10-06T00:00:00+00:00 [queued]>
[2025-04-16T20:42:58.924+0000] {taskinstance.py:1359} INFO - Starting attempt 1 of 1
[2025-04-16T20:42:59.037+0000] {taskinstance.py:1380} INFO - Executing <Task(_PythonDecoratedOperator): task_id_example2> on 2023-10-06 00:00:00+00:00
[2025-04-16T20:42:59.078+0000] {standard_task_runner.py:57} INFO - Started process 4609 to run task
[2025-04-16T20:42:59.091+0000] {standard_task_runner.py:84} INFO - Running: ['***', 'tasks', 'run', 'dag_id_example', 'task_id_example2', 'scheduled__2023-10-06T00:00:00+00:00', '--job-id', '4325', '--raw', '--subdir', 'DAGS_FOLDER/example_Dag.py', '--cfg-path', '/tmp/tmp4pk5wqn2']
[2025-04-16T20:42:59.113+0000] {standard_task_runner.py:85} INFO - Job 4325: Subtask task_id_example2
[2025-04-16T20:42:59.303+0000] {task_command.py:415} INFO - Running <TaskInstance: dag_id_example.task_id_example2 scheduled__2023-10-06T00:00:00+00:00 [running]> on host 3f093c4bacff
[2025-04-16T20:42:59.742+0000] {taskinstance.py:1660} INFO - Exporting env vars: AIRFLOW_CTX_DAG_OWNER='***' AIRFLOW_CTX_DAG_ID='dag_id_example' AIRFLOW_CTX_TASK_ID='task_id_example2' AIRFLOW_CTX_EXECUTION_DATE='2023-10-06T00:00:00+00:00' AIRFLOW_CTX_TRY_NUMBER='1' AIRFLOW_CTX_DAG_RUN_ID='scheduled__2023-10-06T00:00:00+00:00'
[2025-04-16T20:42:59.760+0000] {logging_mixin.py:151} INFO - Task 2
[2025-04-16T20:42:59.761+0000] {python.py:194} INFO - Done. Returned value was: Task 2 completed
[2025-04-16T20:42:59.937+0000] {taskinstance.py:1398} INFO - Marking task as SUCCESS. dag_id=dag_id_example, task_id=task_id_example2, execution_date=20231006T000000, start_date=20250416T204258, end_date=20250416T204259
[2025-04-16T20:43:00.064+0000] {local_task_job_runner.py:228} INFO - Task exited with return code 0
[2025-04-16T20:43:00.111+0000] {taskinstance.py:2776} INFO - 0 downstream tasks scheduled from follow-on schedule check
