[2025-04-14T21:03:30.011+0000] {taskinstance.py:1157} INFO - Dependencies all met for dep_context=non-requeueable deps ti=<TaskInstance: dag_id_example.task_id_example2 scheduled__2023-10-01T00:00:00+00:00 [queued]>
[2025-04-14T21:03:30.166+0000] {taskinstance.py:1157} INFO - Dependencies all met for dep_context=requeueable deps ti=<TaskInstance: dag_id_example.task_id_example2 scheduled__2023-10-01T00:00:00+00:00 [queued]>
[2025-04-14T21:03:30.167+0000] {taskinstance.py:1359} INFO - Starting attempt 1 of 1
[2025-04-14T21:03:30.305+0000] {taskinstance.py:1380} INFO - Executing <Task(_PythonDecoratedOperator): task_id_example2> on 2023-10-01 00:00:00+00:00
[2025-04-14T21:03:30.372+0000] {standard_task_runner.py:57} INFO - Started process 185 to run task
[2025-04-14T21:03:30.394+0000] {standard_task_runner.py:84} INFO - Running: ['***', 'tasks', 'run', 'dag_id_example', 'task_id_example2', 'scheduled__2023-10-01T00:00:00+00:00', '--job-id', '14', '--raw', '--subdir', 'DAGS_FOLDER/example_Dag.py', '--cfg-path', '/tmp/tmp1hggggvy']
[2025-04-14T21:03:30.406+0000] {standard_task_runner.py:85} INFO - Job 14: Subtask task_id_example2
[2025-04-14T21:03:30.555+0000] {task_command.py:415} INFO - Running <TaskInstance: dag_id_example.task_id_example2 scheduled__2023-10-01T00:00:00+00:00 [running]> on host f0b0d5b3ba45
[2025-04-14T21:03:30.839+0000] {taskinstance.py:1660} INFO - Exporting env vars: AIRFLOW_CTX_DAG_OWNER='***' AIRFLOW_CTX_DAG_ID='dag_id_example' AIRFLOW_CTX_TASK_ID='task_id_example2' AIRFLOW_CTX_EXECUTION_DATE='2023-10-01T00:00:00+00:00' AIRFLOW_CTX_TRY_NUMBER='1' AIRFLOW_CTX_DAG_RUN_ID='scheduled__2023-10-01T00:00:00+00:00'
[2025-04-14T21:03:30.842+0000] {logging_mixin.py:151} INFO - Task 2
[2025-04-14T21:03:30.842+0000] {python.py:194} INFO - Done. Returned value was: Task 2 completed
[2025-04-14T21:03:31.012+0000] {taskinstance.py:1398} INFO - Marking task as SUCCESS. dag_id=dag_id_example, task_id=task_id_example2, execution_date=20231001T000000, start_date=20250414T210330, end_date=20250414T210331
[2025-04-14T21:03:31.277+0000] {local_task_job_runner.py:228} INFO - Task exited with return code 0
[2025-04-14T21:03:31.391+0000] {taskinstance.py:2776} INFO - 0 downstream tasks scheduled from follow-on schedule check
[2025-04-16T20:19:47.481+0000] {taskinstance.py:1157} INFO - Dependencies all met for dep_context=non-requeueable deps ti=<TaskInstance: dag_id_example.task_id_example2 scheduled__2023-10-01T00:00:00+00:00 [queued]>
[2025-04-16T20:19:47.534+0000] {taskinstance.py:1157} INFO - Dependencies all met for dep_context=requeueable deps ti=<TaskInstance: dag_id_example.task_id_example2 scheduled__2023-10-01T00:00:00+00:00 [queued]>
[2025-04-16T20:19:47.551+0000] {taskinstance.py:1359} INFO - Starting attempt 1 of 1
[2025-04-16T20:19:47.615+0000] {taskinstance.py:1380} INFO - Executing <Task(_PythonDecoratedOperator): task_id_example2> on 2023-10-01 00:00:00+00:00
[2025-04-16T20:19:47.640+0000] {standard_task_runner.py:57} INFO - Started process 255 to run task
[2025-04-16T20:19:47.659+0000] {standard_task_runner.py:84} INFO - Running: ['***', 'tasks', 'run', 'dag_id_example', 'task_id_example2', 'scheduled__2023-10-01T00:00:00+00:00', '--job-id', '13', '--raw', '--subdir', 'DAGS_FOLDER/example_Dag.py', '--cfg-path', '/tmp/tmpncey1hnu']
[2025-04-16T20:19:47.666+0000] {standard_task_runner.py:85} INFO - Job 13: Subtask task_id_example2
[2025-04-16T20:19:47.841+0000] {task_command.py:415} INFO - Running <TaskInstance: dag_id_example.task_id_example2 scheduled__2023-10-01T00:00:00+00:00 [running]> on host b0afc3077453
[2025-04-16T20:19:48.107+0000] {taskinstance.py:1660} INFO - Exporting env vars: AIRFLOW_CTX_DAG_OWNER='***' AIRFLOW_CTX_DAG_ID='dag_id_example' AIRFLOW_CTX_TASK_ID='task_id_example2' AIRFLOW_CTX_EXECUTION_DATE='2023-10-01T00:00:00+00:00' AIRFLOW_CTX_TRY_NUMBER='1' AIRFLOW_CTX_DAG_RUN_ID='scheduled__2023-10-01T00:00:00+00:00'
[2025-04-16T20:19:48.109+0000] {logging_mixin.py:151} INFO - Task 2
[2025-04-16T20:19:48.112+0000] {python.py:194} INFO - Done. Returned value was: Task 2 completed
[2025-04-16T20:19:48.207+0000] {taskinstance.py:1398} INFO - Marking task as SUCCESS. dag_id=dag_id_example, task_id=task_id_example2, execution_date=20231001T000000, start_date=20250416T201947, end_date=20250416T201948
[2025-04-16T20:19:48.296+0000] {local_task_job_runner.py:228} INFO - Task exited with return code 0
[2025-04-16T20:19:48.437+0000] {taskinstance.py:2776} INFO - 0 downstream tasks scheduled from follow-on schedule check
