[2025-04-14T21:04:22.080+0000] {taskinstance.py:1157} INFO - Dependencies all met for dep_context=non-requeueable deps ti=<TaskInstance: dag_id_example.task_id_example3 scheduled__2023-10-06T00:00:00+00:00 [queued]>
[2025-04-14T21:04:22.113+0000] {taskinstance.py:1157} INFO - Dependencies all met for dep_context=requeueable deps ti=<TaskInstance: dag_id_example.task_id_example3 scheduled__2023-10-06T00:00:00+00:00 [queued]>
[2025-04-14T21:04:22.114+0000] {taskinstance.py:1359} INFO - Starting attempt 1 of 1
[2025-04-14T21:04:22.138+0000] {taskinstance.py:1380} INFO - Executing <Task(_PythonDecoratedOperator): task_id_example3> on 2023-10-06 00:00:00+00:00
[2025-04-14T21:04:22.185+0000] {standard_task_runner.py:57} INFO - Started process 363 to run task
[2025-04-14T21:04:22.208+0000] {standard_task_runner.py:84} INFO - Running: ['***', 'tasks', 'run', 'dag_id_example', 'task_id_example3', 'scheduled__2023-10-06T00:00:00+00:00', '--job-id', '191', '--raw', '--subdir', 'DAGS_FOLDER/example_Dag.py', '--cfg-path', '/tmp/tmps0yo4erc']
[2025-04-14T21:04:22.220+0000] {standard_task_runner.py:85} INFO - Job 191: Subtask task_id_example3
[2025-04-14T21:04:22.376+0000] {task_command.py:415} INFO - Running <TaskInstance: dag_id_example.task_id_example3 scheduled__2023-10-06T00:00:00+00:00 [running]> on host 018b6bcbe942
[2025-04-14T21:04:22.811+0000] {taskinstance.py:1660} INFO - Exporting env vars: AIRFLOW_CTX_DAG_OWNER='***' AIRFLOW_CTX_DAG_ID='dag_id_example' AIRFLOW_CTX_TASK_ID='task_id_example3' AIRFLOW_CTX_EXECUTION_DATE='2023-10-06T00:00:00+00:00' AIRFLOW_CTX_TRY_NUMBER='1' AIRFLOW_CTX_DAG_RUN_ID='scheduled__2023-10-06T00:00:00+00:00'
[2025-04-14T21:04:22.823+0000] {logging_mixin.py:151} INFO - Task 3
[2025-04-14T21:04:22.824+0000] {python.py:194} INFO - Done. Returned value was: Task 3 completed
[2025-04-14T21:04:22.968+0000] {taskinstance.py:1398} INFO - Marking task as SUCCESS. dag_id=dag_id_example, task_id=task_id_example3, execution_date=20231006T000000, start_date=20250414T210422, end_date=20250414T210422
[2025-04-14T21:04:23.128+0000] {local_task_job_runner.py:228} INFO - Task exited with return code 0
[2025-04-14T21:04:23.395+0000] {taskinstance.py:2776} INFO - 0 downstream tasks scheduled from follow-on schedule check
[2025-04-16T20:42:59.159+0000] {taskinstance.py:1157} INFO - Dependencies all met for dep_context=non-requeueable deps ti=<TaskInstance: dag_id_example.task_id_example3 scheduled__2023-10-06T00:00:00+00:00 [queued]>
[2025-04-16T20:42:59.189+0000] {taskinstance.py:1157} INFO - Dependencies all met for dep_context=requeueable deps ti=<TaskInstance: dag_id_example.task_id_example3 scheduled__2023-10-06T00:00:00+00:00 [queued]>
[2025-04-16T20:42:59.190+0000] {taskinstance.py:1359} INFO - Starting attempt 1 of 1
[2025-04-16T20:42:59.223+0000] {taskinstance.py:1380} INFO - Executing <Task(_PythonDecoratedOperator): task_id_example3> on 2023-10-06 00:00:00+00:00
[2025-04-16T20:42:59.247+0000] {standard_task_runner.py:57} INFO - Started process 4794 to run task
[2025-04-16T20:42:59.256+0000] {standard_task_runner.py:84} INFO - Running: ['***', 'tasks', 'run', 'dag_id_example', 'task_id_example3', 'scheduled__2023-10-06T00:00:00+00:00', '--job-id', '4328', '--raw', '--subdir', 'DAGS_FOLDER/example_Dag.py', '--cfg-path', '/tmp/tmps7pzx4c0']
[2025-04-16T20:42:59.267+0000] {standard_task_runner.py:85} INFO - Job 4328: Subtask task_id_example3
[2025-04-16T20:42:59.429+0000] {task_command.py:415} INFO - Running <TaskInstance: dag_id_example.task_id_example3 scheduled__2023-10-06T00:00:00+00:00 [running]> on host b0afc3077453
[2025-04-16T20:42:59.837+0000] {taskinstance.py:1660} INFO - Exporting env vars: AIRFLOW_CTX_DAG_OWNER='***' AIRFLOW_CTX_DAG_ID='dag_id_example' AIRFLOW_CTX_TASK_ID='task_id_example3' AIRFLOW_CTX_EXECUTION_DATE='2023-10-06T00:00:00+00:00' AIRFLOW_CTX_TRY_NUMBER='1' AIRFLOW_CTX_DAG_RUN_ID='scheduled__2023-10-06T00:00:00+00:00'
[2025-04-16T20:42:59.849+0000] {logging_mixin.py:151} INFO - Task 3
[2025-04-16T20:42:59.850+0000] {python.py:194} INFO - Done. Returned value was: Task 3 completed
[2025-04-16T20:42:59.965+0000] {taskinstance.py:1398} INFO - Marking task as SUCCESS. dag_id=dag_id_example, task_id=task_id_example3, execution_date=20231006T000000, start_date=20250416T204259, end_date=20250416T204259
[2025-04-16T20:43:00.079+0000] {local_task_job_runner.py:228} INFO - Task exited with return code 0
[2025-04-16T20:43:00.156+0000] {taskinstance.py:2776} INFO - 0 downstream tasks scheduled from follow-on schedule check
