[2025-04-14T20:58:50.519+0000] {processor.py:157} INFO - Started process (PID=50) to work on /opt/airflow/dags/example_Dag.py
[2025-04-14T20:58:50.520+0000] {processor.py:829} INFO - Processing file /opt/airflow/dags/example_Dag.py for tasks to queue
[2025-04-14T20:58:50.522+0000] {logging_mixin.py:151} INFO - [2025-04-14T20:58:50.522+0000] {dagbag.py:539} INFO - Filling up the DagBag from /opt/airflow/dags/example_Dag.py
[2025-04-14T20:58:50.559+0000] {processor.py:839} INFO - DAG(s) dict_keys(['dag_id_example']) retrieved from /opt/airflow/dags/example_Dag.py
[2025-04-14T20:58:50.995+0000] {logging_mixin.py:151} INFO - [2025-04-14T20:58:50.995+0000] {manager.py:499} INFO - Created Permission View: %s
[2025-04-14T20:58:51.013+0000] {logging_mixin.py:151} INFO - [2025-04-14T20:58:51.012+0000] {manager.py:499} INFO - Created Permission View: %s
[2025-04-14T20:58:51.025+0000] {logging_mixin.py:151} INFO - [2025-04-14T20:58:51.025+0000] {manager.py:499} INFO - Created Permission View: %s
[2025-04-14T20:58:51.026+0000] {logging_mixin.py:151} INFO - [2025-04-14T20:58:51.026+0000] {security.py:708} INFO - Not syncing DAG-level permissions for DAG 'DAG:dag_id_example' as access control is unset.
[2025-04-14T20:58:51.026+0000] {logging_mixin.py:151} INFO - [2025-04-14T20:58:51.026+0000] {dag.py:2915} INFO - Sync 1 DAGs
[2025-04-14T20:58:51.045+0000] {logging_mixin.py:151} INFO - [2025-04-14T20:58:51.044+0000] {dag.py:2937} INFO - Creating ORM DAG for dag_id_example
[2025-04-14T20:58:51.062+0000] {logging_mixin.py:151} INFO - [2025-04-14T20:58:51.062+0000] {dag.py:3696} INFO - Setting next_dagrun for dag_id_example to 2023-10-01T00:00:00+00:00, run_after=2023-10-01T00:00:01+00:00
[2025-04-14T20:58:51.087+0000] {processor.py:179} INFO - Processing /opt/airflow/dags/example_Dag.py took 0.571 seconds
[2025-04-14T20:59:21.247+0000] {processor.py:157} INFO - Started process (PID=87) to work on /opt/airflow/dags/example_Dag.py
[2025-04-14T20:59:21.248+0000] {processor.py:829} INFO - Processing file /opt/airflow/dags/example_Dag.py for tasks to queue
[2025-04-14T20:59:21.252+0000] {logging_mixin.py:151} INFO - [2025-04-14T20:59:21.251+0000] {dagbag.py:539} INFO - Filling up the DagBag from /opt/airflow/dags/example_Dag.py
[2025-04-14T20:59:21.275+0000] {processor.py:839} INFO - DAG(s) dict_keys(['dag_id_example']) retrieved from /opt/airflow/dags/example_Dag.py
[2025-04-14T20:59:21.317+0000] {logging_mixin.py:151} INFO - [2025-04-14T20:59:21.317+0000] {dag.py:2915} INFO - Sync 1 DAGs
[2025-04-14T20:59:21.352+0000] {logging_mixin.py:151} INFO - [2025-04-14T20:59:21.352+0000] {dag.py:3696} INFO - Setting next_dagrun for dag_id_example to 2023-10-01T00:00:00+00:00, run_after=2023-10-01T00:00:01+00:00
[2025-04-14T20:59:21.371+0000] {processor.py:179} INFO - Processing /opt/airflow/dags/example_Dag.py took 0.129 seconds
[2025-04-14T20:59:51.503+0000] {processor.py:157} INFO - Started process (PID=124) to work on /opt/airflow/dags/example_Dag.py
[2025-04-14T20:59:51.505+0000] {processor.py:829} INFO - Processing file /opt/airflow/dags/example_Dag.py for tasks to queue
[2025-04-14T20:59:51.508+0000] {logging_mixin.py:151} INFO - [2025-04-14T20:59:51.508+0000] {dagbag.py:539} INFO - Filling up the DagBag from /opt/airflow/dags/example_Dag.py
[2025-04-14T20:59:51.530+0000] {processor.py:839} INFO - DAG(s) dict_keys(['dag_id_example']) retrieved from /opt/airflow/dags/example_Dag.py
[2025-04-14T20:59:51.563+0000] {logging_mixin.py:151} INFO - [2025-04-14T20:59:51.562+0000] {dag.py:2915} INFO - Sync 1 DAGs
[2025-04-14T20:59:51.583+0000] {logging_mixin.py:151} INFO - [2025-04-14T20:59:51.582+0000] {dag.py:3696} INFO - Setting next_dagrun for dag_id_example to 2023-10-01T00:00:00+00:00, run_after=2023-10-01T00:00:01+00:00
[2025-04-14T20:59:51.597+0000] {processor.py:179} INFO - Processing /opt/airflow/dags/example_Dag.py took 0.100 seconds
[2025-04-14T21:00:21.638+0000] {processor.py:157} INFO - Started process (PID=149) to work on /opt/airflow/dags/example_Dag.py
[2025-04-14T21:00:21.639+0000] {processor.py:829} INFO - Processing file /opt/airflow/dags/example_Dag.py for tasks to queue
[2025-04-14T21:00:21.642+0000] {logging_mixin.py:151} INFO - [2025-04-14T21:00:21.642+0000] {dagbag.py:539} INFO - Filling up the DagBag from /opt/airflow/dags/example_Dag.py
[2025-04-14T21:00:21.664+0000] {processor.py:839} INFO - DAG(s) dict_keys(['dag_id_example']) retrieved from /opt/airflow/dags/example_Dag.py
[2025-04-14T21:00:21.713+0000] {logging_mixin.py:151} INFO - [2025-04-14T21:00:21.712+0000] {dag.py:2915} INFO - Sync 1 DAGs
[2025-04-14T21:00:21.751+0000] {logging_mixin.py:151} INFO - [2025-04-14T21:00:21.751+0000] {dag.py:3696} INFO - Setting next_dagrun for dag_id_example to 2023-10-01T00:00:00+00:00, run_after=2023-10-01T00:00:01+00:00
[2025-04-14T21:00:21.776+0000] {processor.py:179} INFO - Processing /opt/airflow/dags/example_Dag.py took 0.144 seconds
[2025-04-14T21:01:50.855+0000] {processor.py:157} INFO - Started process (PID=50) to work on /opt/airflow/dags/example_Dag.py
[2025-04-14T21:01:50.866+0000] {processor.py:829} INFO - Processing file /opt/airflow/dags/example_Dag.py for tasks to queue
[2025-04-14T21:01:50.869+0000] {logging_mixin.py:151} INFO - [2025-04-14T21:01:50.869+0000] {dagbag.py:539} INFO - Filling up the DagBag from /opt/airflow/dags/example_Dag.py
[2025-04-14T21:01:50.909+0000] {processor.py:839} INFO - DAG(s) dict_keys(['dag_id_example']) retrieved from /opt/airflow/dags/example_Dag.py
[2025-04-14T21:01:51.284+0000] {logging_mixin.py:151} INFO - [2025-04-14T21:01:51.283+0000] {manager.py:499} INFO - Created Permission View: %s
[2025-04-14T21:01:51.302+0000] {logging_mixin.py:151} INFO - [2025-04-14T21:01:51.302+0000] {manager.py:499} INFO - Created Permission View: %s
[2025-04-14T21:01:51.313+0000] {logging_mixin.py:151} INFO - [2025-04-14T21:01:51.312+0000] {manager.py:499} INFO - Created Permission View: %s
[2025-04-14T21:01:51.313+0000] {logging_mixin.py:151} INFO - [2025-04-14T21:01:51.313+0000] {security.py:708} INFO - Not syncing DAG-level permissions for DAG 'DAG:dag_id_example' as access control is unset.
[2025-04-14T21:01:51.313+0000] {logging_mixin.py:151} INFO - [2025-04-14T21:01:51.313+0000] {dag.py:2915} INFO - Sync 1 DAGs
[2025-04-14T21:01:51.331+0000] {logging_mixin.py:151} INFO - [2025-04-14T21:01:51.330+0000] {dag.py:2937} INFO - Creating ORM DAG for dag_id_example
[2025-04-14T21:01:51.347+0000] {logging_mixin.py:151} INFO - [2025-04-14T21:01:51.347+0000] {dag.py:3696} INFO - Setting next_dagrun for dag_id_example to 2023-10-01T00:00:00+00:00, run_after=2023-10-01T00:00:01+00:00
[2025-04-14T21:01:51.373+0000] {processor.py:179} INFO - Processing /opt/airflow/dags/example_Dag.py took 0.524 seconds
[2025-04-14T21:02:21.534+0000] {processor.py:157} INFO - Started process (PID=87) to work on /opt/airflow/dags/example_Dag.py
[2025-04-14T21:02:21.536+0000] {processor.py:829} INFO - Processing file /opt/airflow/dags/example_Dag.py for tasks to queue
[2025-04-14T21:02:21.539+0000] {logging_mixin.py:151} INFO - [2025-04-14T21:02:21.538+0000] {dagbag.py:539} INFO - Filling up the DagBag from /opt/airflow/dags/example_Dag.py
[2025-04-14T21:02:21.564+0000] {processor.py:839} INFO - DAG(s) dict_keys(['dag_id_example']) retrieved from /opt/airflow/dags/example_Dag.py
[2025-04-14T21:02:21.598+0000] {logging_mixin.py:151} INFO - [2025-04-14T21:02:21.598+0000] {dag.py:2915} INFO - Sync 1 DAGs
[2025-04-14T21:02:21.627+0000] {logging_mixin.py:151} INFO - [2025-04-14T21:02:21.627+0000] {dag.py:3696} INFO - Setting next_dagrun for dag_id_example to 2023-10-01T00:00:00+00:00, run_after=2023-10-01T00:00:01+00:00
[2025-04-14T21:02:21.643+0000] {processor.py:179} INFO - Processing /opt/airflow/dags/example_Dag.py took 0.114 seconds
[2025-04-14T21:02:51.693+0000] {processor.py:157} INFO - Started process (PID=124) to work on /opt/airflow/dags/example_Dag.py
[2025-04-14T21:02:51.694+0000] {processor.py:829} INFO - Processing file /opt/airflow/dags/example_Dag.py for tasks to queue
[2025-04-14T21:02:51.698+0000] {logging_mixin.py:151} INFO - [2025-04-14T21:02:51.697+0000] {dagbag.py:539} INFO - Filling up the DagBag from /opt/airflow/dags/example_Dag.py
[2025-04-14T21:02:51.719+0000] {processor.py:839} INFO - DAG(s) dict_keys(['dag_id_example']) retrieved from /opt/airflow/dags/example_Dag.py
[2025-04-14T21:02:51.744+0000] {logging_mixin.py:151} INFO - [2025-04-14T21:02:51.744+0000] {dag.py:2915} INFO - Sync 1 DAGs
[2025-04-14T21:02:51.764+0000] {logging_mixin.py:151} INFO - [2025-04-14T21:02:51.763+0000] {dag.py:3696} INFO - Setting next_dagrun for dag_id_example to 2023-10-01T00:00:00+00:00, run_after=2023-10-01T00:00:01+00:00
[2025-04-14T21:02:51.778+0000] {processor.py:179} INFO - Processing /opt/airflow/dags/example_Dag.py took 0.091 seconds
[2025-04-14T21:03:21.897+0000] {processor.py:157} INFO - Started process (PID=149) to work on /opt/airflow/dags/example_Dag.py
[2025-04-14T21:03:21.897+0000] {processor.py:829} INFO - Processing file /opt/airflow/dags/example_Dag.py for tasks to queue
[2025-04-14T21:03:21.899+0000] {logging_mixin.py:151} INFO - [2025-04-14T21:03:21.899+0000] {dagbag.py:539} INFO - Filling up the DagBag from /opt/airflow/dags/example_Dag.py
[2025-04-14T21:03:21.913+0000] {processor.py:839} INFO - DAG(s) dict_keys(['dag_id_example']) retrieved from /opt/airflow/dags/example_Dag.py
[2025-04-14T21:03:21.955+0000] {logging_mixin.py:151} INFO - [2025-04-14T21:03:21.955+0000] {dag.py:2915} INFO - Sync 1 DAGs
[2025-04-14T21:03:21.979+0000] {logging_mixin.py:151} INFO - [2025-04-14T21:03:21.978+0000] {dag.py:3696} INFO - Setting next_dagrun for dag_id_example to 2023-10-01T00:00:00+00:00, run_after=2023-10-01T00:00:01+00:00
[2025-04-14T21:03:21.997+0000] {processor.py:179} INFO - Processing /opt/airflow/dags/example_Dag.py took 0.104 seconds
[2025-04-14T21:03:52.163+0000] {processor.py:157} INFO - Started process (PID=262) to work on /opt/airflow/dags/example_Dag.py
[2025-04-14T21:03:52.164+0000] {processor.py:829} INFO - Processing file /opt/airflow/dags/example_Dag.py for tasks to queue
[2025-04-14T21:03:52.171+0000] {logging_mixin.py:151} INFO - [2025-04-14T21:03:52.169+0000] {dagbag.py:539} INFO - Filling up the DagBag from /opt/airflow/dags/example_Dag.py
[2025-04-14T21:03:52.217+0000] {processor.py:839} INFO - DAG(s) dict_keys(['dag_id_example']) retrieved from /opt/airflow/dags/example_Dag.py
[2025-04-14T21:03:52.306+0000] {logging_mixin.py:151} INFO - [2025-04-14T21:03:52.306+0000] {dag.py:2915} INFO - Sync 1 DAGs
[2025-04-14T21:03:52.407+0000] {logging_mixin.py:151} INFO - [2025-04-14T21:03:52.407+0000] {dag.py:3696} INFO - Setting next_dagrun for dag_id_example to 2023-10-01T00:00:37+00:00, run_after=2023-10-01T00:00:38+00:00
[2025-04-14T21:03:52.462+0000] {processor.py:179} INFO - Processing /opt/airflow/dags/example_Dag.py took 0.308 seconds
[2025-04-14T21:04:22.593+0000] {processor.py:157} INFO - Started process (PID=389) to work on /opt/airflow/dags/example_Dag.py
[2025-04-14T21:04:22.594+0000] {processor.py:829} INFO - Processing file /opt/airflow/dags/example_Dag.py for tasks to queue
[2025-04-14T21:04:22.596+0000] {logging_mixin.py:151} INFO - [2025-04-14T21:04:22.596+0000] {dagbag.py:539} INFO - Filling up the DagBag from /opt/airflow/dags/example_Dag.py
[2025-04-14T21:04:22.624+0000] {processor.py:839} INFO - DAG(s) dict_keys(['dag_id_example']) retrieved from /opt/airflow/dags/example_Dag.py
[2025-04-14T21:04:22.685+0000] {logging_mixin.py:151} INFO - [2025-04-14T21:04:22.685+0000] {dag.py:2915} INFO - Sync 1 DAGs
[2025-04-14T21:04:22.737+0000] {logging_mixin.py:151} INFO - [2025-04-14T21:04:22.736+0000] {dag.py:3696} INFO - Setting next_dagrun for dag_id_example to 2023-10-06T00:00:10+00:00, run_after=2023-10-06T00:00:11+00:00
[2025-04-14T21:04:22.776+0000] {processor.py:179} INFO - Processing /opt/airflow/dags/example_Dag.py took 0.187 seconds
[2025-04-14T21:04:53.009+0000] {processor.py:157} INFO - Started process (PID=502) to work on /opt/airflow/dags/example_Dag.py
[2025-04-14T21:04:53.010+0000] {processor.py:829} INFO - Processing file /opt/airflow/dags/example_Dag.py for tasks to queue
[2025-04-14T21:04:53.012+0000] {logging_mixin.py:151} INFO - [2025-04-14T21:04:53.012+0000] {dagbag.py:539} INFO - Filling up the DagBag from /opt/airflow/dags/example_Dag.py
[2025-04-14T21:04:53.037+0000] {processor.py:839} INFO - DAG(s) dict_keys(['dag_id_example']) retrieved from /opt/airflow/dags/example_Dag.py
[2025-04-14T21:04:53.093+0000] {logging_mixin.py:151} INFO - [2025-04-14T21:04:53.092+0000] {dag.py:2915} INFO - Sync 1 DAGs
[2025-04-14T21:04:53.146+0000] {logging_mixin.py:151} INFO - [2025-04-14T21:04:53.146+0000] {dag.py:3696} INFO - Setting next_dagrun for dag_id_example to 2023-10-06T00:00:41+00:00, run_after=2023-10-06T00:00:42+00:00
[2025-04-14T21:04:53.443+0000] {processor.py:179} INFO - Processing /opt/airflow/dags/example_Dag.py took 0.442 seconds
[2025-04-14T21:05:23.742+0000] {processor.py:157} INFO - Started process (PID=629) to work on /opt/airflow/dags/example_Dag.py
[2025-04-14T21:05:23.744+0000] {processor.py:829} INFO - Processing file /opt/airflow/dags/example_Dag.py for tasks to queue
[2025-04-14T21:05:23.747+0000] {logging_mixin.py:151} INFO - [2025-04-14T21:05:23.747+0000] {dagbag.py:539} INFO - Filling up the DagBag from /opt/airflow/dags/example_Dag.py
[2025-04-14T21:05:23.797+0000] {processor.py:839} INFO - DAG(s) dict_keys(['dag_id_example']) retrieved from /opt/airflow/dags/example_Dag.py
[2025-04-14T21:05:23.906+0000] {logging_mixin.py:151} INFO - [2025-04-14T21:05:23.906+0000] {dag.py:2915} INFO - Sync 1 DAGs
[2025-04-14T21:05:24.183+0000] {logging_mixin.py:151} INFO - [2025-04-14T21:05:24.183+0000] {dag.py:3696} INFO - Setting next_dagrun for dag_id_example to 2023-10-11T00:00:16+00:00, run_after=2023-10-11T00:00:17+00:00
[2025-04-14T21:05:24.232+0000] {processor.py:179} INFO - Processing /opt/airflow/dags/example_Dag.py took 0.495 seconds
[2025-04-14T21:05:54.455+0000] {processor.py:157} INFO - Started process (PID=755) to work on /opt/airflow/dags/example_Dag.py
[2025-04-14T21:05:54.456+0000] {processor.py:829} INFO - Processing file /opt/airflow/dags/example_Dag.py for tasks to queue
[2025-04-14T21:05:54.468+0000] {logging_mixin.py:151} INFO - [2025-04-14T21:05:54.467+0000] {dagbag.py:539} INFO - Filling up the DagBag from /opt/airflow/dags/example_Dag.py
[2025-04-14T21:05:54.491+0000] {processor.py:839} INFO - DAG(s) dict_keys(['dag_id_example']) retrieved from /opt/airflow/dags/example_Dag.py
[2025-04-14T21:05:54.526+0000] {logging_mixin.py:151} INFO - [2025-04-14T21:05:54.526+0000] {dag.py:2915} INFO - Sync 1 DAGs
[2025-04-14T21:05:54.742+0000] {logging_mixin.py:151} INFO - [2025-04-14T21:05:54.742+0000] {dag.py:3696} INFO - Setting next_dagrun for dag_id_example to 2023-10-11T00:00:55+00:00, run_after=2023-10-11T00:00:56+00:00
[2025-04-14T21:05:54.776+0000] {processor.py:179} INFO - Processing /opt/airflow/dags/example_Dag.py took 0.325 seconds
[2025-04-14T21:06:25.022+0000] {processor.py:157} INFO - Started process (PID=891) to work on /opt/airflow/dags/example_Dag.py
[2025-04-14T21:06:25.023+0000] {processor.py:829} INFO - Processing file /opt/airflow/dags/example_Dag.py for tasks to queue
[2025-04-14T21:06:25.026+0000] {logging_mixin.py:151} INFO - [2025-04-14T21:06:25.026+0000] {dagbag.py:539} INFO - Filling up the DagBag from /opt/airflow/dags/example_Dag.py
[2025-04-14T21:06:25.056+0000] {processor.py:839} INFO - DAG(s) dict_keys(['dag_id_example']) retrieved from /opt/airflow/dags/example_Dag.py
[2025-04-14T21:06:25.292+0000] {logging_mixin.py:151} INFO - [2025-04-14T21:06:25.292+0000] {dag.py:2915} INFO - Sync 1 DAGs
[2025-04-14T21:06:25.335+0000] {logging_mixin.py:151} INFO - [2025-04-14T21:06:25.335+0000] {dag.py:3696} INFO - Setting next_dagrun for dag_id_example to 2023-10-16T00:00:29+00:00, run_after=2023-10-16T00:00:30+00:00
[2025-04-14T21:06:25.384+0000] {processor.py:179} INFO - Processing /opt/airflow/dags/example_Dag.py took 0.369 seconds
[2025-04-14T21:06:55.617+0000] {processor.py:157} INFO - Started process (PID=1015) to work on /opt/airflow/dags/example_Dag.py
[2025-04-14T21:06:55.618+0000] {processor.py:829} INFO - Processing file /opt/airflow/dags/example_Dag.py for tasks to queue
[2025-04-14T21:06:55.621+0000] {logging_mixin.py:151} INFO - [2025-04-14T21:06:55.620+0000] {dagbag.py:539} INFO - Filling up the DagBag from /opt/airflow/dags/example_Dag.py
[2025-04-14T21:06:55.815+0000] {processor.py:839} INFO - DAG(s) dict_keys(['dag_id_example']) retrieved from /opt/airflow/dags/example_Dag.py
[2025-04-14T21:06:55.860+0000] {logging_mixin.py:151} INFO - [2025-04-14T21:06:55.859+0000] {dag.py:2915} INFO - Sync 1 DAGs
[2025-04-14T21:06:55.897+0000] {logging_mixin.py:151} INFO - [2025-04-14T21:06:55.896+0000] {dag.py:3696} INFO - Setting next_dagrun for dag_id_example to 2023-10-21T00:00:08+00:00, run_after=2023-10-21T00:00:09+00:00
[2025-04-14T21:06:55.948+0000] {processor.py:179} INFO - Processing /opt/airflow/dags/example_Dag.py took 0.335 seconds
[2025-04-14T21:07:26.449+0000] {processor.py:157} INFO - Started process (PID=1166) to work on /opt/airflow/dags/example_Dag.py
[2025-04-14T21:07:26.451+0000] {processor.py:829} INFO - Processing file /opt/airflow/dags/example_Dag.py for tasks to queue
[2025-04-14T21:07:26.455+0000] {logging_mixin.py:151} INFO - [2025-04-14T21:07:26.454+0000] {dagbag.py:539} INFO - Filling up the DagBag from /opt/airflow/dags/example_Dag.py
[2025-04-14T21:07:26.473+0000] {processor.py:839} INFO - DAG(s) dict_keys(['dag_id_example']) retrieved from /opt/airflow/dags/example_Dag.py
[2025-04-14T21:07:26.515+0000] {logging_mixin.py:151} INFO - [2025-04-14T21:07:26.514+0000] {dag.py:2915} INFO - Sync 1 DAGs
[2025-04-14T21:07:26.553+0000] {logging_mixin.py:151} INFO - [2025-04-14T21:07:26.552+0000] {dag.py:3696} INFO - Setting next_dagrun for dag_id_example to 2023-10-21T00:00:41+00:00, run_after=2023-10-21T00:00:42+00:00
[2025-04-14T21:07:26.584+0000] {processor.py:179} INFO - Processing /opt/airflow/dags/example_Dag.py took 0.139 seconds
[2025-04-14T21:07:56.679+0000] {processor.py:157} INFO - Started process (PID=1273) to work on /opt/airflow/dags/example_Dag.py
[2025-04-14T21:07:56.680+0000] {processor.py:829} INFO - Processing file /opt/airflow/dags/example_Dag.py for tasks to queue
[2025-04-14T21:07:56.683+0000] {logging_mixin.py:151} INFO - [2025-04-14T21:07:56.683+0000] {dagbag.py:539} INFO - Filling up the DagBag from /opt/airflow/dags/example_Dag.py
[2025-04-14T21:07:56.701+0000] {processor.py:839} INFO - DAG(s) dict_keys(['dag_id_example']) retrieved from /opt/airflow/dags/example_Dag.py
[2025-04-14T21:07:56.742+0000] {logging_mixin.py:151} INFO - [2025-04-14T21:07:56.741+0000] {dag.py:2915} INFO - Sync 1 DAGs
[2025-04-14T21:07:56.852+0000] {logging_mixin.py:151} INFO - [2025-04-14T21:07:56.852+0000] {dag.py:3696} INFO - Setting next_dagrun for dag_id_example to 2023-10-26T00:00:16+00:00, run_after=2023-10-26T00:00:17+00:00
[2025-04-14T21:07:56.891+0000] {processor.py:179} INFO - Processing /opt/airflow/dags/example_Dag.py took 0.216 seconds
[2025-04-14T21:08:27.063+0000] {processor.py:157} INFO - Started process (PID=1414) to work on /opt/airflow/dags/example_Dag.py
[2025-04-14T21:08:27.065+0000] {processor.py:829} INFO - Processing file /opt/airflow/dags/example_Dag.py for tasks to queue
[2025-04-14T21:08:27.072+0000] {logging_mixin.py:151} INFO - [2025-04-14T21:08:27.071+0000] {dagbag.py:539} INFO - Filling up the DagBag from /opt/airflow/dags/example_Dag.py
[2025-04-14T21:08:27.094+0000] {processor.py:839} INFO - DAG(s) dict_keys(['dag_id_example']) retrieved from /opt/airflow/dags/example_Dag.py
[2025-04-14T21:08:27.155+0000] {logging_mixin.py:151} INFO - [2025-04-14T21:08:27.155+0000] {dag.py:2915} INFO - Sync 1 DAGs
[2025-04-14T21:08:27.195+0000] {logging_mixin.py:151} INFO - [2025-04-14T21:08:27.195+0000] {dag.py:3696} INFO - Setting next_dagrun for dag_id_example to 2023-10-26T00:00:52+00:00, run_after=2023-10-26T00:00:53+00:00
[2025-04-14T21:08:27.229+0000] {processor.py:179} INFO - Processing /opt/airflow/dags/example_Dag.py took 0.170 seconds
[2025-04-14T21:08:57.406+0000] {processor.py:157} INFO - Started process (PID=1529) to work on /opt/airflow/dags/example_Dag.py
[2025-04-14T21:08:57.407+0000] {processor.py:829} INFO - Processing file /opt/airflow/dags/example_Dag.py for tasks to queue
[2025-04-14T21:08:57.410+0000] {logging_mixin.py:151} INFO - [2025-04-14T21:08:57.409+0000] {dagbag.py:539} INFO - Filling up the DagBag from /opt/airflow/dags/example_Dag.py
[2025-04-14T21:08:57.428+0000] {processor.py:839} INFO - DAG(s) dict_keys(['dag_id_example']) retrieved from /opt/airflow/dags/example_Dag.py
[2025-04-14T21:08:57.464+0000] {logging_mixin.py:151} INFO - [2025-04-14T21:08:57.463+0000] {dag.py:2915} INFO - Sync 1 DAGs
[2025-04-14T21:08:57.499+0000] {logging_mixin.py:151} INFO - [2025-04-14T21:08:57.499+0000] {dag.py:3696} INFO - Setting next_dagrun for dag_id_example to 2023-10-31T00:00:24+00:00, run_after=2023-10-31T00:00:25+00:00
[2025-04-14T21:08:57.529+0000] {processor.py:179} INFO - Processing /opt/airflow/dags/example_Dag.py took 0.127 seconds
[2025-04-14T21:09:27.715+0000] {processor.py:157} INFO - Started process (PID=1670) to work on /opt/airflow/dags/example_Dag.py
[2025-04-14T21:09:27.715+0000] {processor.py:829} INFO - Processing file /opt/airflow/dags/example_Dag.py for tasks to queue
[2025-04-14T21:09:27.718+0000] {logging_mixin.py:151} INFO - [2025-04-14T21:09:27.718+0000] {dagbag.py:539} INFO - Filling up the DagBag from /opt/airflow/dags/example_Dag.py
[2025-04-14T21:09:27.740+0000] {processor.py:839} INFO - DAG(s) dict_keys(['dag_id_example']) retrieved from /opt/airflow/dags/example_Dag.py
[2025-04-14T21:09:27.787+0000] {logging_mixin.py:151} INFO - [2025-04-14T21:09:27.786+0000] {dag.py:2915} INFO - Sync 1 DAGs
[2025-04-14T21:09:27.836+0000] {logging_mixin.py:151} INFO - [2025-04-14T21:09:27.835+0000] {dag.py:3696} INFO - Setting next_dagrun for dag_id_example to 2023-11-01T00:00:02+00:00, run_after=2023-11-01T00:00:03+00:00
[2025-04-14T21:09:27.869+0000] {processor.py:179} INFO - Processing /opt/airflow/dags/example_Dag.py took 0.159 seconds
[2025-04-14T21:09:57.978+0000] {processor.py:157} INFO - Started process (PID=1796) to work on /opt/airflow/dags/example_Dag.py
[2025-04-14T21:09:57.980+0000] {processor.py:829} INFO - Processing file /opt/airflow/dags/example_Dag.py for tasks to queue
[2025-04-14T21:09:57.984+0000] {logging_mixin.py:151} INFO - [2025-04-14T21:09:57.983+0000] {dagbag.py:539} INFO - Filling up the DagBag from /opt/airflow/dags/example_Dag.py
[2025-04-14T21:09:58.004+0000] {processor.py:839} INFO - DAG(s) dict_keys(['dag_id_example']) retrieved from /opt/airflow/dags/example_Dag.py
[2025-04-14T21:09:58.032+0000] {logging_mixin.py:151} INFO - [2025-04-14T21:09:58.032+0000] {dag.py:2915} INFO - Sync 1 DAGs
[2025-04-14T21:09:58.052+0000] {logging_mixin.py:151} INFO - [2025-04-14T21:09:58.052+0000] {dag.py:3696} INFO - Setting next_dagrun for dag_id_example to 2023-11-01T00:00:33+00:00, run_after=2023-11-01T00:00:34+00:00
[2025-04-14T21:09:58.068+0000] {processor.py:179} INFO - Processing /opt/airflow/dags/example_Dag.py took 0.096 seconds
[2025-04-14T21:10:28.320+0000] {processor.py:157} INFO - Started process (PID=1934) to work on /opt/airflow/dags/example_Dag.py
[2025-04-14T21:10:28.321+0000] {processor.py:829} INFO - Processing file /opt/airflow/dags/example_Dag.py for tasks to queue
[2025-04-14T21:10:28.328+0000] {logging_mixin.py:151} INFO - [2025-04-14T21:10:28.328+0000] {dagbag.py:539} INFO - Filling up the DagBag from /opt/airflow/dags/example_Dag.py
[2025-04-14T21:10:28.354+0000] {processor.py:839} INFO - DAG(s) dict_keys(['dag_id_example']) retrieved from /opt/airflow/dags/example_Dag.py
[2025-04-14T21:10:28.442+0000] {logging_mixin.py:151} INFO - [2025-04-14T21:10:28.442+0000] {dag.py:2915} INFO - Sync 1 DAGs
[2025-04-14T21:10:28.484+0000] {logging_mixin.py:151} INFO - [2025-04-14T21:10:28.483+0000] {dag.py:3696} INFO - Setting next_dagrun for dag_id_example to 2023-11-06T00:00:13+00:00, run_after=2023-11-06T00:00:14+00:00
[2025-04-14T21:10:28.523+0000] {processor.py:179} INFO - Processing /opt/airflow/dags/example_Dag.py took 0.208 seconds
[2025-04-14T21:10:58.648+0000] {processor.py:157} INFO - Started process (PID=2070) to work on /opt/airflow/dags/example_Dag.py
[2025-04-14T21:10:58.649+0000] {processor.py:829} INFO - Processing file /opt/airflow/dags/example_Dag.py for tasks to queue
[2025-04-14T21:10:58.652+0000] {logging_mixin.py:151} INFO - [2025-04-14T21:10:58.652+0000] {dagbag.py:539} INFO - Filling up the DagBag from /opt/airflow/dags/example_Dag.py
[2025-04-14T21:10:58.676+0000] {processor.py:839} INFO - DAG(s) dict_keys(['dag_id_example']) retrieved from /opt/airflow/dags/example_Dag.py
[2025-04-14T21:10:58.721+0000] {logging_mixin.py:151} INFO - [2025-04-14T21:10:58.721+0000] {dag.py:2915} INFO - Sync 1 DAGs
[2025-04-14T21:10:58.764+0000] {logging_mixin.py:151} INFO - [2025-04-14T21:10:58.763+0000] {dag.py:3696} INFO - Setting next_dagrun for dag_id_example to 2023-11-06T00:00:46+00:00, run_after=2023-11-06T00:00:47+00:00
[2025-04-14T21:10:58.792+0000] {processor.py:179} INFO - Processing /opt/airflow/dags/example_Dag.py took 0.149 seconds
[2025-04-14T21:11:28.944+0000] {processor.py:157} INFO - Started process (PID=2189) to work on /opt/airflow/dags/example_Dag.py
[2025-04-14T21:11:28.945+0000] {processor.py:829} INFO - Processing file /opt/airflow/dags/example_Dag.py for tasks to queue
[2025-04-14T21:11:28.948+0000] {logging_mixin.py:151} INFO - [2025-04-14T21:11:28.948+0000] {dagbag.py:539} INFO - Filling up the DagBag from /opt/airflow/dags/example_Dag.py
[2025-04-14T21:11:28.966+0000] {processor.py:839} INFO - DAG(s) dict_keys(['dag_id_example']) retrieved from /opt/airflow/dags/example_Dag.py
[2025-04-14T21:11:29.001+0000] {logging_mixin.py:151} INFO - [2025-04-14T21:11:29.001+0000] {dag.py:2915} INFO - Sync 1 DAGs
[2025-04-14T21:11:29.030+0000] {logging_mixin.py:151} INFO - [2025-04-14T21:11:29.030+0000] {dag.py:3696} INFO - Setting next_dagrun for dag_id_example to 2023-11-11T00:00:20+00:00, run_after=2023-11-11T00:00:21+00:00
[2025-04-14T21:11:29.048+0000] {processor.py:179} INFO - Processing /opt/airflow/dags/example_Dag.py took 0.108 seconds
[2025-04-14T21:11:59.281+0000] {processor.py:157} INFO - Started process (PID=2331) to work on /opt/airflow/dags/example_Dag.py
[2025-04-14T21:11:59.282+0000] {processor.py:829} INFO - Processing file /opt/airflow/dags/example_Dag.py for tasks to queue
[2025-04-14T21:11:59.284+0000] {logging_mixin.py:151} INFO - [2025-04-14T21:11:59.284+0000] {dagbag.py:539} INFO - Filling up the DagBag from /opt/airflow/dags/example_Dag.py
[2025-04-14T21:11:59.300+0000] {processor.py:839} INFO - DAG(s) dict_keys(['dag_id_example']) retrieved from /opt/airflow/dags/example_Dag.py
[2025-04-14T21:11:59.331+0000] {logging_mixin.py:151} INFO - [2025-04-14T21:11:59.330+0000] {dag.py:2915} INFO - Sync 1 DAGs
[2025-04-14T21:11:59.366+0000] {logging_mixin.py:151} INFO - [2025-04-14T21:11:59.366+0000] {dag.py:3696} INFO - Setting next_dagrun for dag_id_example to 2023-11-11T00:00:59+00:00, run_after=2023-11-16T00:00:00+00:00
[2025-04-14T21:11:59.384+0000] {processor.py:179} INFO - Processing /opt/airflow/dags/example_Dag.py took 0.108 seconds
[2025-04-14T21:12:29.601+0000] {processor.py:157} INFO - Started process (PID=2450) to work on /opt/airflow/dags/example_Dag.py
[2025-04-14T21:12:29.603+0000] {processor.py:829} INFO - Processing file /opt/airflow/dags/example_Dag.py for tasks to queue
[2025-04-14T21:12:29.606+0000] {logging_mixin.py:151} INFO - [2025-04-14T21:12:29.605+0000] {dagbag.py:539} INFO - Filling up the DagBag from /opt/airflow/dags/example_Dag.py
[2025-04-14T21:12:29.641+0000] {processor.py:839} INFO - DAG(s) dict_keys(['dag_id_example']) retrieved from /opt/airflow/dags/example_Dag.py
[2025-04-14T21:12:29.741+0000] {logging_mixin.py:151} INFO - [2025-04-14T21:12:29.740+0000] {dag.py:2915} INFO - Sync 1 DAGs
[2025-04-14T21:12:29.823+0000] {logging_mixin.py:151} INFO - [2025-04-14T21:12:29.823+0000] {dag.py:3696} INFO - Setting next_dagrun for dag_id_example to 2023-11-16T00:00:33+00:00, run_after=2023-11-16T00:00:34+00:00
[2025-04-14T21:12:29.870+0000] {processor.py:179} INFO - Processing /opt/airflow/dags/example_Dag.py took 0.278 seconds
[2025-04-14T21:13:00.151+0000] {processor.py:157} INFO - Started process (PID=2570) to work on /opt/airflow/dags/example_Dag.py
[2025-04-14T21:13:00.152+0000] {processor.py:829} INFO - Processing file /opt/airflow/dags/example_Dag.py for tasks to queue
[2025-04-14T21:13:00.154+0000] {logging_mixin.py:151} INFO - [2025-04-14T21:13:00.154+0000] {dagbag.py:539} INFO - Filling up the DagBag from /opt/airflow/dags/example_Dag.py
[2025-04-14T21:13:00.186+0000] {processor.py:839} INFO - DAG(s) dict_keys(['dag_id_example']) retrieved from /opt/airflow/dags/example_Dag.py
[2025-04-14T21:13:00.257+0000] {logging_mixin.py:151} INFO - [2025-04-14T21:13:00.257+0000] {dag.py:2915} INFO - Sync 1 DAGs
[2025-04-14T21:13:00.403+0000] {logging_mixin.py:151} INFO - [2025-04-14T21:13:00.403+0000] {dag.py:3696} INFO - Setting next_dagrun for dag_id_example to 2023-11-21T00:00:08+00:00, run_after=2023-11-21T00:00:09+00:00
[2025-04-14T21:13:00.460+0000] {processor.py:179} INFO - Processing /opt/airflow/dags/example_Dag.py took 0.315 seconds
[2025-04-14T21:13:30.760+0000] {processor.py:157} INFO - Started process (PID=2699) to work on /opt/airflow/dags/example_Dag.py
[2025-04-14T21:13:30.762+0000] {processor.py:829} INFO - Processing file /opt/airflow/dags/example_Dag.py for tasks to queue
[2025-04-14T21:13:30.765+0000] {logging_mixin.py:151} INFO - [2025-04-14T21:13:30.765+0000] {dagbag.py:539} INFO - Filling up the DagBag from /opt/airflow/dags/example_Dag.py
[2025-04-14T21:13:30.787+0000] {processor.py:839} INFO - DAG(s) dict_keys(['dag_id_example']) retrieved from /opt/airflow/dags/example_Dag.py
[2025-04-14T21:13:30.836+0000] {logging_mixin.py:151} INFO - [2025-04-14T21:13:30.836+0000] {dag.py:2915} INFO - Sync 1 DAGs
[2025-04-14T21:13:30.875+0000] {logging_mixin.py:151} INFO - [2025-04-14T21:13:30.874+0000] {dag.py:3696} INFO - Setting next_dagrun for dag_id_example to 2023-11-21T00:00:42+00:00, run_after=2023-11-21T00:00:43+00:00
[2025-04-14T21:13:30.918+0000] {processor.py:179} INFO - Processing /opt/airflow/dags/example_Dag.py took 0.164 seconds
[2025-04-14T21:13:54.950+0000] {processor.py:157} INFO - Started process (PID=2792) to work on /opt/airflow/dags/example_Dag.py
[2025-04-14T21:13:54.951+0000] {processor.py:829} INFO - Processing file /opt/airflow/dags/example_Dag.py for tasks to queue
[2025-04-14T21:13:54.955+0000] {logging_mixin.py:151} INFO - [2025-04-14T21:13:54.955+0000] {dagbag.py:539} INFO - Filling up the DagBag from /opt/airflow/dags/example_Dag.py
[2025-04-14T21:13:54.974+0000] {processor.py:839} INFO - DAG(s) dict_keys(['dag_id_example']) retrieved from /opt/airflow/dags/example_Dag.py
[2025-04-14T21:13:55.234+0000] {logging_mixin.py:151} INFO - [2025-04-14T21:13:55.234+0000] {security.py:708} INFO - Not syncing DAG-level permissions for DAG 'DAG:dag_id_example' as access control is unset.
[2025-04-14T21:13:55.235+0000] {logging_mixin.py:151} INFO - [2025-04-14T21:13:55.234+0000] {dag.py:2915} INFO - Sync 1 DAGs
[2025-04-14T21:13:55.277+0000] {logging_mixin.py:151} INFO - [2025-04-14T21:13:55.276+0000] {dag.py:3696} INFO - Setting next_dagrun for dag_id_example to 2023-11-26T00:00:07+00:00, run_after=2023-11-26T00:05:07+00:00
[2025-04-14T21:13:55.319+0000] {processor.py:179} INFO - Processing /opt/airflow/dags/example_Dag.py took 0.375 seconds
[2025-04-14T21:14:25.586+0000] {processor.py:157} INFO - Started process (PID=2922) to work on /opt/airflow/dags/example_Dag.py
[2025-04-14T21:14:25.587+0000] {processor.py:829} INFO - Processing file /opt/airflow/dags/example_Dag.py for tasks to queue
[2025-04-14T21:14:25.590+0000] {logging_mixin.py:151} INFO - [2025-04-14T21:14:25.589+0000] {dagbag.py:539} INFO - Filling up the DagBag from /opt/airflow/dags/example_Dag.py
[2025-04-14T21:14:25.613+0000] {processor.py:839} INFO - DAG(s) dict_keys(['dag_id_example']) retrieved from /opt/airflow/dags/example_Dag.py
[2025-04-14T21:14:25.676+0000] {logging_mixin.py:151} INFO - [2025-04-14T21:14:25.676+0000] {dag.py:2915} INFO - Sync 1 DAGs
[2025-04-14T21:14:25.816+0000] {logging_mixin.py:151} INFO - [2025-04-14T21:14:25.816+0000] {dag.py:3696} INFO - Setting next_dagrun for dag_id_example to 2023-11-26T02:05:06+00:00, run_after=2023-11-26T02:10:06+00:00
[2025-04-14T21:14:25.860+0000] {processor.py:179} INFO - Processing /opt/airflow/dags/example_Dag.py took 0.279 seconds
