[2025-04-14T21:03:29.782+0000] {taskinstance.py:1157} INFO - Dependencies all met for dep_context=non-requeueable deps ti=<TaskInstance: dag_id_example.task_id_example3 scheduled__2023-10-01T00:00:00+00:00 [queued]>
[2025-04-14T21:03:29.837+0000] {taskinstance.py:1157} INFO - Dependencies all met for dep_context=requeueable deps ti=<TaskInstance: dag_id_example.task_id_example3 scheduled__2023-10-01T00:00:00+00:00 [queued]>
[2025-04-14T21:03:29.838+0000] {taskinstance.py:1359} INFO - Starting attempt 1 of 1
[2025-04-14T21:03:29.971+0000] {taskinstance.py:1380} INFO - Executing <Task(_PythonDecoratedOperator): task_id_example3> on 2023-10-01 00:00:00+00:00
[2025-04-14T21:03:30.049+0000] {standard_task_runner.py:57} INFO - Started process 177 to run task
[2025-04-14T21:03:30.094+0000] {standard_task_runner.py:84} INFO - Running: ['***', 'tasks', 'run', 'dag_id_example', 'task_id_example3', 'scheduled__2023-10-01T00:00:00+00:00', '--job-id', '13', '--raw', '--subdir', 'DAGS_FOLDER/example_Dag.py', '--cfg-path', '/tmp/tmpknppbyp1']
[2025-04-14T21:03:30.112+0000] {standard_task_runner.py:85} INFO - Job 13: Subtask task_id_example3
[2025-04-14T21:03:30.432+0000] {task_command.py:415} INFO - Running <TaskInstance: dag_id_example.task_id_example3 scheduled__2023-10-01T00:00:00+00:00 [running]> on host 018b6bcbe942
[2025-04-14T21:03:30.879+0000] {taskinstance.py:1660} INFO - Exporting env vars: AIRFLOW_CTX_DAG_OWNER='***' AIRFLOW_CTX_DAG_ID='dag_id_example' AIRFLOW_CTX_TASK_ID='task_id_example3' AIRFLOW_CTX_EXECUTION_DATE='2023-10-01T00:00:00+00:00' AIRFLOW_CTX_TRY_NUMBER='1' AIRFLOW_CTX_DAG_RUN_ID='scheduled__2023-10-01T00:00:00+00:00'
[2025-04-14T21:03:30.881+0000] {logging_mixin.py:151} INFO - Task 3
[2025-04-14T21:03:30.881+0000] {python.py:194} INFO - Done. Returned value was: Task 3 completed
[2025-04-14T21:03:30.974+0000] {taskinstance.py:1398} INFO - Marking task as SUCCESS. dag_id=dag_id_example, task_id=task_id_example3, execution_date=20231001T000000, start_date=20250414T210329, end_date=20250414T210330
[2025-04-14T21:03:31.091+0000] {local_task_job_runner.py:228} INFO - Task exited with return code 0
[2025-04-14T21:03:31.231+0000] {taskinstance.py:2776} INFO - 0 downstream tasks scheduled from follow-on schedule check
[2025-04-16T20:19:47.687+0000] {taskinstance.py:1157} INFO - Dependencies all met for dep_context=non-requeueable deps ti=<TaskInstance: dag_id_example.task_id_example3 scheduled__2023-10-01T00:00:00+00:00 [queued]>
[2025-04-16T20:19:47.753+0000] {taskinstance.py:1157} INFO - Dependencies all met for dep_context=requeueable deps ti=<TaskInstance: dag_id_example.task_id_example3 scheduled__2023-10-01T00:00:00+00:00 [queued]>
[2025-04-16T20:19:47.754+0000] {taskinstance.py:1359} INFO - Starting attempt 1 of 1
[2025-04-16T20:19:47.809+0000] {taskinstance.py:1380} INFO - Executing <Task(_PythonDecoratedOperator): task_id_example3> on 2023-10-01 00:00:00+00:00
[2025-04-16T20:19:47.823+0000] {standard_task_runner.py:57} INFO - Started process 256 to run task
[2025-04-16T20:19:47.844+0000] {standard_task_runner.py:84} INFO - Running: ['***', 'tasks', 'run', 'dag_id_example', 'task_id_example3', 'scheduled__2023-10-01T00:00:00+00:00', '--job-id', '14', '--raw', '--subdir', 'DAGS_FOLDER/example_Dag.py', '--cfg-path', '/tmp/tmpmw2_p32u']
[2025-04-16T20:19:47.855+0000] {standard_task_runner.py:85} INFO - Job 14: Subtask task_id_example3
[2025-04-16T20:19:48.102+0000] {task_command.py:415} INFO - Running <TaskInstance: dag_id_example.task_id_example3 scheduled__2023-10-01T00:00:00+00:00 [running]> on host b0afc3077453
[2025-04-16T20:19:48.371+0000] {taskinstance.py:1660} INFO - Exporting env vars: AIRFLOW_CTX_DAG_OWNER='***' AIRFLOW_CTX_DAG_ID='dag_id_example' AIRFLOW_CTX_TASK_ID='task_id_example3' AIRFLOW_CTX_EXECUTION_DATE='2023-10-01T00:00:00+00:00' AIRFLOW_CTX_TRY_NUMBER='1' AIRFLOW_CTX_DAG_RUN_ID='scheduled__2023-10-01T00:00:00+00:00'
[2025-04-16T20:19:48.373+0000] {logging_mixin.py:151} INFO - Task 3
[2025-04-16T20:19:48.373+0000] {python.py:194} INFO - Done. Returned value was: Task 3 completed
[2025-04-16T20:19:48.452+0000] {taskinstance.py:1398} INFO - Marking task as SUCCESS. dag_id=dag_id_example, task_id=task_id_example3, execution_date=20231001T000000, start_date=20250416T201947, end_date=20250416T201948
[2025-04-16T20:19:48.594+0000] {local_task_job_runner.py:228} INFO - Task exited with return code 0
[2025-04-16T20:19:48.669+0000] {taskinstance.py:2776} INFO - 0 downstream tasks scheduled from follow-on schedule check
